This is pdfTeX, Version 3.14159265-2.6-1.40.21 (MiKTeX 21.1) (preloaded format=pdflatex 2020.12.4)  21 MAR 2021 02:10
entering extended mode
**./main.tex
(main.tex
LaTeX2e <2020-02-02> patch level 5
L3 programming layer <2020-06-03>
(/home/jas/.miktex/texmfs/install/tex/latex/base/article.cls
Document Class: article 2019/12/20 v1.4l Standard LaTeX document class
(/home/jas/.miktex/texmfs/install/tex/latex/base/size12.clo
File: size12.clo 2019/12/20 v1.4l Standard LaTeX file (size option)
)
\c@part=\count167
\c@section=\count168
\c@subsection=\count169
\c@subsubsection=\count170
\c@paragraph=\count171
\c@subparagraph=\count172
\c@figure=\count173
\c@table=\count174
\abovecaptionskip=\skip47
\belowcaptionskip=\skip48
\bibindent=\dimen134
)
(/home/jas/.miktex/texmfs/install/tex/latex/geometry/geometry.sty
Package: geometry 2020/01/02 v5.9 Page Geometry

(/home/jas/.miktex/texmfs/install/tex/latex/graphics/keyval.sty
Package: keyval 2014/10/28 v1.15 key=value parser (DPC)
\KV@toks@=\toks15
)
(/home/jas/.miktex/texmfs/install/tex/generic/iftex/ifvtex.sty
Package: ifvtex 2019/10/25 v1.7 ifvtex legacy package. Use iftex instead.

(/home/jas/.miktex/texmfs/install/tex/generic/iftex/iftex.sty
Package: iftex 2020/03/06 v1.0d TeX engine tests
))
\Gm@cnth=\count175
\Gm@cntv=\count176
\c@Gm@tempcnt=\count177
\Gm@bindingoffset=\dimen135
\Gm@wd@mp=\dimen136
\Gm@odd@mp=\dimen137
\Gm@even@mp=\dimen138
\Gm@layoutwidth=\dimen139
\Gm@layoutheight=\dimen140
\Gm@layouthoffset=\dimen141
\Gm@layoutvoffset=\dimen142
\Gm@dimlist=\toks16

(/home/jas/.miktex/texmfs/install/tex/latex/geometry/geometry.cfg))
(/home/jas/.miktex/texmfs/install/tex/fonts/old-arrows/old-arrows.sty
Package: old-arrows 2017/01/05 v2.0 Old Arrows
\symoasy=\mathgroup4
LaTeX Font Info:    Overwriting symbol font `oasy' in version `normal'
(Font)                  OMS/oasy/m/n --> OMS/oasy/m/n on input line 90.
LaTeX Font Info:    Overwriting symbol font `oasy' in version `bold'
(Font)                  OMS/oasy/m/n --> OMS/oasy/b/n on input line 91.
LaTeX Font Info:    Redeclaring math symbol \leftarrow on input line 93.
LaTeX Font Info:    Redeclaring math symbol \rightarrow on input line 95.
LaTeX Font Info:    Redeclaring math symbol \leftrightarrow on input line 97.
LaTeX Font Info:    Redeclaring math symbol \nearrow on input line 98.
LaTeX Font Info:    Redeclaring math symbol \searrow on input line 99.
LaTeX Font Info:    Redeclaring math symbol \nwarrow on input line 100.
LaTeX Font Info:    Redeclaring math symbol \swarrow on input line 101.
LaTeX Font Info:    Redeclaring math symbol \mapstochar on input line 102.
LaTeX Font Info:    Redeclaring math delimiter \uparrow on input line 105.
LaTeX Font Info:    Redeclaring math delimiter \downarrow on input line 106.
LaTeX Font Info:    Redeclaring math delimiter \updownarrow on input line 107.
LaTeX Info: Redefining \longrightarrow on input line 117.
LaTeX Info: Redefining \longleftarrow on input line 119.
\symcmsy=\mathgroup5
LaTeX Font Info:    Overwriting symbol font `cmsy' in version `normal'
(Font)                  OMS/cmsy/m/n --> OMS/cmsy/m/n on input line 235.
LaTeX Font Info:    Overwriting symbol font `cmsy' in version `bold'
(Font)                  OMS/cmsy/m/n --> OMS/cmsy/b/n on input line 235.
)
(/home/jas/.miktex/texmfs/install/tex/latex/amsmath/amsmath.sty
Package: amsmath 2020/01/20 v2.17e AMS math features
\@mathmargin=\skip49

For additional information on amsmath, use the `?' option.
(/home/jas/.miktex/texmfs/install/tex/latex/amsmath/amstext.sty
Package: amstext 2000/06/29 v2.01 AMS text

(/home/jas/.miktex/texmfs/install/tex/latex/amsmath/amsgen.sty
File: amsgen.sty 1999/11/30 v2.0 generic functions
\@emptytoks=\toks17
\ex@=\dimen143
))
(/home/jas/.miktex/texmfs/install/tex/latex/amsmath/amsbsy.sty
Package: amsbsy 1999/11/29 v1.2d Bold Symbols
\pmbraise@=\dimen144
)
(/home/jas/.miktex/texmfs/install/tex/latex/amsmath/amsopn.sty
Package: amsopn 2016/03/08 v2.02 operator names
)
\inf@bad=\count178
LaTeX Info: Redefining \frac on input line 227.
\uproot@=\count179
\leftroot@=\count180
LaTeX Info: Redefining \overline on input line 389.
\classnum@=\count181
\DOTSCASE@=\count182
LaTeX Info: Redefining \ldots on input line 486.
LaTeX Info: Redefining \dots on input line 489.
LaTeX Info: Redefining \cdots on input line 610.
\Mathstrutbox@=\box45
\strutbox@=\box46
\big@size=\dimen145
LaTeX Font Info:    Redeclaring font encoding OML on input line 733.
LaTeX Font Info:    Redeclaring font encoding OMS on input line 734.
\macc@depth=\count183
\c@MaxMatrixCols=\count184
\dotsspace@=\muskip16
\c@parentequation=\count185
\dspbrk@lvl=\count186
\tag@help=\toks18
\row@=\count187
\column@=\count188
\maxfields@=\count189
\andhelp@=\toks19
\eqnshift@=\dimen146
\alignsep@=\dimen147
\tagshift@=\dimen148
\tagwidth@=\dimen149
\totwidth@=\dimen150
\lineht@=\dimen151
\@envbody=\toks20
\multlinegap=\skip50
\multlinetaggap=\skip51
\mathdisplay@stack=\toks21
LaTeX Info: Redefining \[ on input line 2859.
LaTeX Info: Redefining \] on input line 2860.
)
(/home/jas/.miktex/texmfs/install/tex/latex/enumitem/enumitem.sty
Package: enumitem 2019/06/20 v3.9 Customized lists
\labelindent=\skip52
\enit@outerparindent=\dimen152
\enit@toks=\toks22
\enit@inbox=\box47
\enit@count@id=\count190
\enitdp@description=\count191
)
(/home/jas/.miktex/texmfs/install/tex/latex/amscls/amsthm.sty
Package: amsthm 2020/05/29 v2.20.6
\thm@style=\toks23
\thm@bodyfont=\toks24
\thm@headfont=\toks25
\thm@notefont=\toks26
\thm@headpunct=\toks27
\thm@preskip=\skip53
\thm@postskip=\skip54
\thm@headsep=\skip55
\dth@everypar=\toks28
)
(/home/jas/.miktex/texmfs/install/tex/latex/amsfonts/amssymb.sty
Package: amssymb 2013/01/14 v3.01 AMS font symbols

(/home/jas/.miktex/texmfs/install/tex/latex/amsfonts/amsfonts.sty
Package: amsfonts 2013/01/14 v3.01 Basic AMSFonts support
\symAMSa=\mathgroup6
\symAMSb=\mathgroup7
LaTeX Font Info:    Redeclaring math symbol \hbar on input line 98.
LaTeX Font Info:    Overwriting math alphabet `\mathfrak' in version `bold'
(Font)                  U/euf/m/n --> U/euf/b/n on input line 106.
))
(/home/jas/.miktex/texmfs/install/tex/latex/graphics/graphicx.sty
Package: graphicx 2019/11/30 v1.2a Enhanced LaTeX Graphics (DPC,SPQR)

(/home/jas/.miktex/texmfs/install/tex/latex/graphics/graphics.sty
Package: graphics 2019/11/30 v1.4a Standard LaTeX Graphics (DPC,SPQR)

(/home/jas/.miktex/texmfs/install/tex/latex/graphics/trig.sty
Package: trig 2016/01/03 v1.10 sin cos tan (DPC)
)
(/home/jas/.miktex/texmfs/install/tex/latex/graphics-cfg/graphics.cfg
File: graphics.cfg 2016/06/04 v1.11 sample graphics configuration
)
Package graphics Info: Driver file: pdftex.def on input line 105.

(/home/jas/.miktex/texmfs/install/tex/latex/graphics-def/pdftex.def
File: pdftex.def 2018/01/08 v1.0l Graphics/color driver for pdftex
))
\Gin@req@height=\dimen153
\Gin@req@width=\dimen154
)
(/home/jas/.miktex/texmfs/install/tex/latex/mathtools/mathtools.sty
Package: mathtools 2020/03/24 v1.24 mathematical typesetting tools

(/home/jas/.miktex/texmfs/install/tex/latex/tools/calc.sty
Package: calc 2017/05/25 v4.3 Infix arithmetic (KKT,FJ)
\calc@Acount=\count192
\calc@Bcount=\count193
\calc@Adimen=\dimen155
\calc@Bdimen=\dimen156
\calc@Askip=\skip56
\calc@Bskip=\skip57
LaTeX Info: Redefining \setlength on input line 80.
LaTeX Info: Redefining \addtolength on input line 81.
\calc@Ccount=\count194
\calc@Cskip=\skip58
)
(/home/jas/.miktex/texmfs/install/tex/latex/mathtools/mhsetup.sty
Package: mhsetup 2017/03/31 v1.3 programming setup (MH)
)
LaTeX Info: Thecontrolsequence`\('isalreadyrobust on input line 130.
LaTeX Info: Thecontrolsequence`\)'isalreadyrobust on input line 130.
LaTeX Info: Thecontrolsequence`\['isalreadyrobust on input line 130.
LaTeX Info: Thecontrolsequence`\]'isalreadyrobust on input line 130.
\g_MT_multlinerow_int=\count195
\l_MT_multwidth_dim=\dimen157
\origjot=\skip59
\l_MT_shortvdotswithinadjustabove_dim=\dimen158
\l_MT_shortvdotswithinadjustbelow_dim=\dimen159
\l_MT_above_intertext_sep=\dimen160
\l_MT_below_intertext_sep=\dimen161
\l_MT_above_shortintertext_sep=\dimen162
\l_MT_below_shortintertext_sep=\dimen163
\xmathstrut@box=\box48
\xmathstrut@dim=\dimen164
)
(/home/jas/.miktex/texmfs/install/tex/latex/pgf/frontendlayer/tikz.sty
(/home/jas/.miktex/texmfs/install/tex/latex/pgf/basiclayer/pgf.sty
(/home/jas/.miktex/texmfs/install/tex/latex/pgf/utilities/pgfrcs.sty
(/home/jas/.miktex/texmfs/install/tex/generic/pgf/utilities/pgfutil-common.tex
\pgfutil@everybye=\toks29
\pgfutil@tempdima=\dimen165
\pgfutil@tempdimb=\dimen166

(/home/jas/.miktex/texmfs/install/tex/generic/pgf/utilities/pgfutil-common-list
s.tex))
(/home/jas/.miktex/texmfs/install/tex/generic/pgf/utilities/pgfutil-latex.def
\pgfutil@abb=\box49

(/home/jas/.miktex/texmfs/install/tex/latex/ms/everyshi.sty
Package: everyshi 2001/05/15 v3.00 EveryShipout Package (MS)
))
(/home/jas/.miktex/texmfs/install/tex/generic/pgf/utilities/pgfrcs.code.tex
(/home/jas/.miktex/texmfs/install/tex/generic/pgf/pgf.revision.tex)
Package: pgfrcs 2020/01/08 v3.1.5b (3.1.5b)
))
Package: pgf 2020/01/08 v3.1.5b (3.1.5b)

(/home/jas/.miktex/texmfs/install/tex/latex/pgf/basiclayer/pgfcore.sty
(/home/jas/.miktex/texmfs/install/tex/latex/pgf/systemlayer/pgfsys.sty
(/home/jas/.miktex/texmfs/install/tex/generic/pgf/systemlayer/pgfsys.code.tex
Package: pgfsys 2020/01/08 v3.1.5b (3.1.5b)

(/home/jas/.miktex/texmfs/install/tex/generic/pgf/utilities/pgfkeys.code.tex
\pgfkeys@pathtoks=\toks30
\pgfkeys@temptoks=\toks31

(/home/jas/.miktex/texmfs/install/tex/generic/pgf/utilities/pgfkeysfiltered.cod
e.tex
\pgfkeys@tmptoks=\toks32
))
\pgf@x=\dimen167
\pgf@y=\dimen168
\pgf@xa=\dimen169
\pgf@ya=\dimen170
\pgf@xb=\dimen171
\pgf@yb=\dimen172
\pgf@xc=\dimen173
\pgf@yc=\dimen174
\pgf@xd=\dimen175
\pgf@yd=\dimen176
\w@pgf@writea=\write3
\r@pgf@reada=\read2
\c@pgf@counta=\count196
\c@pgf@countb=\count197
\c@pgf@countc=\count198
\c@pgf@countd=\count199
\t@pgf@toka=\toks33
\t@pgf@tokb=\toks34
\t@pgf@tokc=\toks35
\pgf@sys@id@count=\count266
 (/home/jas/.miktex/texmfs/install/tex/generic/pgf/systemlayer/pgf.cfg
File: pgf.cfg 2020/01/08 v3.1.5b (3.1.5b)
)
Driver file for pgf: pgfsys-pdftex.def

(/home/jas/.miktex/texmfs/install/tex/generic/pgf/systemlayer/pgfsys-pdftex.def
File: pgfsys-pdftex.def 2020/01/08 v3.1.5b (3.1.5b)

(/home/jas/.miktex/texmfs/install/tex/generic/pgf/systemlayer/pgfsys-common-pdf
.def
File: pgfsys-common-pdf.def 2020/01/08 v3.1.5b (3.1.5b)
)))
(/home/jas/.miktex/texmfs/install/tex/generic/pgf/systemlayer/pgfsyssoftpath.co
de.tex
File: pgfsyssoftpath.code.tex 2020/01/08 v3.1.5b (3.1.5b)
\pgfsyssoftpath@smallbuffer@items=\count267
\pgfsyssoftpath@bigbuffer@items=\count268
)
(/home/jas/.miktex/texmfs/install/tex/generic/pgf/systemlayer/pgfsysprotocol.co
de.tex
File: pgfsysprotocol.code.tex 2020/01/08 v3.1.5b (3.1.5b)
)) (/home/jas/.miktex/texmfs/install/tex/latex/xcolor/xcolor.sty
Package: xcolor 2016/05/11 v2.12 LaTeX color extensions (UK)

(/home/jas/.miktex/texmfs/install/tex/latex/graphics-cfg/color.cfg
File: color.cfg 2016/01/02 v1.6 sample color configuration
)
Package xcolor Info: Driver file: pdftex.def on input line 225.
Package xcolor Info: Model `cmy' substituted by `cmy0' on input line 1348.
Package xcolor Info: Model `hsb' substituted by `rgb' on input line 1352.
Package xcolor Info: Model `RGB' extended on input line 1364.
Package xcolor Info: Model `HTML' substituted by `rgb' on input line 1366.
Package xcolor Info: Model `Hsb' substituted by `hsb' on input line 1367.
Package xcolor Info: Model `tHsb' substituted by `hsb' on input line 1368.
Package xcolor Info: Model `HSB' substituted by `hsb' on input line 1369.
Package xcolor Info: Model `Gray' substituted by `gray' on input line 1370.
Package xcolor Info: Model `wave' substituted by `hsb' on input line 1371.
)
(/home/jas/.miktex/texmfs/install/tex/generic/pgf/basiclayer/pgfcore.code.tex
Package: pgfcore 2020/01/08 v3.1.5b (3.1.5b)

(/home/jas/.miktex/texmfs/install/tex/generic/pgf/math/pgfmath.code.tex
(/home/jas/.miktex/texmfs/install/tex/generic/pgf/math/pgfmathcalc.code.tex
(/home/jas/.miktex/texmfs/install/tex/generic/pgf/math/pgfmathutil.code.tex)
(/home/jas/.miktex/texmfs/install/tex/generic/pgf/math/pgfmathparser.code.tex
\pgfmath@dimen=\dimen177
\pgfmath@count=\count269
\pgfmath@box=\box50
\pgfmath@toks=\toks36
\pgfmath@stack@operand=\toks37
\pgfmath@stack@operation=\toks38
)
(/home/jas/.miktex/texmfs/install/tex/generic/pgf/math/pgfmathfunctions.code.te
x
(/home/jas/.miktex/texmfs/install/tex/generic/pgf/math/pgfmathfunctions.basic.c
ode.tex)
(/home/jas/.miktex/texmfs/install/tex/generic/pgf/math/pgfmathfunctions.trigono
metric.code.tex)
(/home/jas/.miktex/texmfs/install/tex/generic/pgf/math/pgfmathfunctions.random.
code.tex)
(/home/jas/.miktex/texmfs/install/tex/generic/pgf/math/pgfmathfunctions.compari
son.code.tex)
(/home/jas/.miktex/texmfs/install/tex/generic/pgf/math/pgfmathfunctions.base.co
de.tex)
(/home/jas/.miktex/texmfs/install/tex/generic/pgf/math/pgfmathfunctions.round.c
ode.tex)
(/home/jas/.miktex/texmfs/install/tex/generic/pgf/math/pgfmathfunctions.misc.co
de.tex)
(/home/jas/.miktex/texmfs/install/tex/generic/pgf/math/pgfmathfunctions.integer
arithmetics.code.tex)))
(/home/jas/.miktex/texmfs/install/tex/generic/pgf/math/pgfmathfloat.code.tex
\c@pgfmathroundto@lastzeros=\count270
))
(/home/jas/.miktex/texmfs/install/tex/generic/pgf/math/pgfint.code.tex)
(/home/jas/.miktex/texmfs/install/tex/generic/pgf/basiclayer/pgfcorepoints.code
.tex
File: pgfcorepoints.code.tex 2020/01/08 v3.1.5b (3.1.5b)
\pgf@picminx=\dimen178
\pgf@picmaxx=\dimen179
\pgf@picminy=\dimen180
\pgf@picmaxy=\dimen181
\pgf@pathminx=\dimen182
\pgf@pathmaxx=\dimen183
\pgf@pathminy=\dimen184
\pgf@pathmaxy=\dimen185
\pgf@xx=\dimen186
\pgf@xy=\dimen187
\pgf@yx=\dimen188
\pgf@yy=\dimen189
\pgf@zx=\dimen190
\pgf@zy=\dimen191
)
(/home/jas/.miktex/texmfs/install/tex/generic/pgf/basiclayer/pgfcorepathconstru
ct.code.tex
File: pgfcorepathconstruct.code.tex 2020/01/08 v3.1.5b (3.1.5b)
\pgf@path@lastx=\dimen192
\pgf@path@lasty=\dimen193
)
(/home/jas/.miktex/texmfs/install/tex/generic/pgf/basiclayer/pgfcorepathusage.c
ode.tex
File: pgfcorepathusage.code.tex 2020/01/08 v3.1.5b (3.1.5b)
\pgf@shorten@end@additional=\dimen194
\pgf@shorten@start@additional=\dimen195
)
(/home/jas/.miktex/texmfs/install/tex/generic/pgf/basiclayer/pgfcorescopes.code
.tex
File: pgfcorescopes.code.tex 2020/01/08 v3.1.5b (3.1.5b)
\pgfpic=\box51
\pgf@hbox=\box52
\pgf@layerbox@main=\box53
\pgf@picture@serial@count=\count271
)
(/home/jas/.miktex/texmfs/install/tex/generic/pgf/basiclayer/pgfcoregraphicstat
e.code.tex
File: pgfcoregraphicstate.code.tex 2020/01/08 v3.1.5b (3.1.5b)
\pgflinewidth=\dimen196
)
(/home/jas/.miktex/texmfs/install/tex/generic/pgf/basiclayer/pgfcoretransformat
ions.code.tex
File: pgfcoretransformations.code.tex 2020/01/08 v3.1.5b (3.1.5b)
\pgf@pt@x=\dimen197
\pgf@pt@y=\dimen198
\pgf@pt@temp=\dimen199
)
(/home/jas/.miktex/texmfs/install/tex/generic/pgf/basiclayer/pgfcorequick.code.
tex
File: pgfcorequick.code.tex 2020/01/08 v3.1.5b (3.1.5b)
)
(/home/jas/.miktex/texmfs/install/tex/generic/pgf/basiclayer/pgfcoreobjects.cod
e.tex
File: pgfcoreobjects.code.tex 2020/01/08 v3.1.5b (3.1.5b)
)
(/home/jas/.miktex/texmfs/install/tex/generic/pgf/basiclayer/pgfcorepathprocess
ing.code.tex
File: pgfcorepathprocessing.code.tex 2020/01/08 v3.1.5b (3.1.5b)
)
(/home/jas/.miktex/texmfs/install/tex/generic/pgf/basiclayer/pgfcorearrows.code
.tex
File: pgfcorearrows.code.tex 2020/01/08 v3.1.5b (3.1.5b)
\pgfarrowsep=\dimen256
)
(/home/jas/.miktex/texmfs/install/tex/generic/pgf/basiclayer/pgfcoreshade.code.
tex
File: pgfcoreshade.code.tex 2020/01/08 v3.1.5b (3.1.5b)
\pgf@max=\dimen257
\pgf@sys@shading@range@num=\count272
\pgf@shadingcount=\count273
)
(/home/jas/.miktex/texmfs/install/tex/generic/pgf/basiclayer/pgfcoreimage.code.
tex
File: pgfcoreimage.code.tex 2020/01/08 v3.1.5b (3.1.5b)

(/home/jas/.miktex/texmfs/install/tex/generic/pgf/basiclayer/pgfcoreexternal.co
de.tex
File: pgfcoreexternal.code.tex 2020/01/08 v3.1.5b (3.1.5b)
\pgfexternal@startupbox=\box54
))
(/home/jas/.miktex/texmfs/install/tex/generic/pgf/basiclayer/pgfcorelayers.code
.tex
File: pgfcorelayers.code.tex 2020/01/08 v3.1.5b (3.1.5b)
)
(/home/jas/.miktex/texmfs/install/tex/generic/pgf/basiclayer/pgfcoretransparenc
y.code.tex
File: pgfcoretransparency.code.tex 2020/01/08 v3.1.5b (3.1.5b)
)
(/home/jas/.miktex/texmfs/install/tex/generic/pgf/basiclayer/pgfcorepatterns.co
de.tex
File: pgfcorepatterns.code.tex 2020/01/08 v3.1.5b (3.1.5b)
)
(/home/jas/.miktex/texmfs/install/tex/generic/pgf/basiclayer/pgfcorerdf.code.te
x
File: pgfcorerdf.code.tex 2020/01/08 v3.1.5b (3.1.5b)
)))
(/home/jas/.miktex/texmfs/install/tex/generic/pgf/modules/pgfmoduleshapes.code.
tex
File: pgfmoduleshapes.code.tex 2020/01/08 v3.1.5b (3.1.5b)
\pgfnodeparttextbox=\box55
)
(/home/jas/.miktex/texmfs/install/tex/generic/pgf/modules/pgfmoduleplot.code.te
x
File: pgfmoduleplot.code.tex 2020/01/08 v3.1.5b (3.1.5b)
)
(/home/jas/.miktex/texmfs/install/tex/latex/pgf/compatibility/pgfcomp-version-0
-65.sty
Package: pgfcomp-version-0-65 2020/01/08 v3.1.5b (3.1.5b)
\pgf@nodesepstart=\dimen258
\pgf@nodesepend=\dimen259
)
(/home/jas/.miktex/texmfs/install/tex/latex/pgf/compatibility/pgfcomp-version-1
-18.sty
Package: pgfcomp-version-1-18 2020/01/08 v3.1.5b (3.1.5b)
)) (/home/jas/.miktex/texmfs/install/tex/latex/pgf/utilities/pgffor.sty
(/home/jas/.miktex/texmfs/install/tex/latex/pgf/utilities/pgfkeys.sty
(/home/jas/.miktex/texmfs/install/tex/generic/pgf/utilities/pgfkeys.code.tex))
(/home/jas/.miktex/texmfs/install/tex/latex/pgf/math/pgfmath.sty
(/home/jas/.miktex/texmfs/install/tex/generic/pgf/math/pgfmath.code.tex))
(/home/jas/.miktex/texmfs/install/tex/generic/pgf/utilities/pgffor.code.tex
Package: pgffor 2020/01/08 v3.1.5b (3.1.5b)

(/home/jas/.miktex/texmfs/install/tex/generic/pgf/math/pgfmath.code.tex)
\pgffor@iter=\dimen260
\pgffor@skip=\dimen261
\pgffor@stack=\toks39
\pgffor@toks=\toks40
))
(/home/jas/.miktex/texmfs/install/tex/generic/pgf/frontendlayer/tikz/tikz.code.
tex
Package: tikz 2020/01/08 v3.1.5b (3.1.5b)

(/home/jas/.miktex/texmfs/install/tex/generic/pgf/libraries/pgflibraryplothandl
ers.code.tex
File: pgflibraryplothandlers.code.tex 2020/01/08 v3.1.5b (3.1.5b)
\pgf@plot@mark@count=\count274
\pgfplotmarksize=\dimen262
)
\tikz@lastx=\dimen263
\tikz@lasty=\dimen264
\tikz@lastxsaved=\dimen265
\tikz@lastysaved=\dimen266
\tikz@lastmovetox=\dimen267
\tikz@lastmovetoy=\dimen268
\tikzleveldistance=\dimen269
\tikzsiblingdistance=\dimen270
\tikz@figbox=\box56
\tikz@figbox@bg=\box57
\tikz@tempbox=\box58
\tikz@tempbox@bg=\box59
\tikztreelevel=\count275
\tikznumberofchildren=\count276
\tikznumberofcurrentchild=\count277
\tikz@fig@count=\count278

(/home/jas/.miktex/texmfs/install/tex/generic/pgf/modules/pgfmodulematrix.code.
tex
File: pgfmodulematrix.code.tex 2020/01/08 v3.1.5b (3.1.5b)
\pgfmatrixcurrentrow=\count279
\pgfmatrixcurrentcolumn=\count280
\pgf@matrix@numberofcolumns=\count281
)
\tikz@expandcount=\count282

(/home/jas/.miktex/texmfs/install/tex/generic/pgf/frontendlayer/tikz/libraries/
tikzlibrarytopaths.code.tex
File: tikzlibrarytopaths.code.tex 2020/01/08 v3.1.5b (3.1.5b)
)))
(/home/jas/.miktex/texmfs/install/tex/latex/hyperref/hyperref.sty
Package: hyperref 2020-05-15 v7.00e Hypertext links for LaTeX

(/home/jas/.miktex/texmfs/install/tex/generic/ltxcmds/ltxcmds.sty
Package: ltxcmds 2019/12/15 v1.24 LaTeX kernel commands for general use (HO)
)
(/home/jas/.miktex/texmfs/install/tex/latex/pdftexcmds/pdftexcmds.sty
Package: pdftexcmds 2020-06-04 v0.32 Utility functions of pdfTeX for LuaTeX (HO
)

(/home/jas/.miktex/texmfs/install/tex/generic/infwarerr/infwarerr.sty
Package: infwarerr 2019/12/03 v1.5 Providing info/warning/error messages (HO)
)
Package pdftexcmds Info: \pdf@primitive is available.
Package pdftexcmds Info: \pdf@ifprimitive is available.
Package pdftexcmds Info: \pdfdraftmode found.
)
(/home/jas/.miktex/texmfs/install/tex/generic/kvsetkeys/kvsetkeys.sty
Package: kvsetkeys 2019/12/15 v1.18 Key value parser (HO)
)
(/home/jas/.miktex/texmfs/install/tex/generic/kvdefinekeys/kvdefinekeys.sty
Package: kvdefinekeys 2019-12-19 v1.6 Define keys (HO)
)
(/home/jas/.miktex/texmfs/install/tex/generic/pdfescape/pdfescape.sty
Package: pdfescape 2019/12/09 v1.15 Implements pdfTeX's escape features (HO)
)
(/home/jas/.miktex/texmfs/install/tex/latex/hycolor/hycolor.sty
Package: hycolor 2020-01-27 v1.10 Color options for hyperref/bookmark (HO)
)
(/home/jas/.miktex/texmfs/install/tex/latex/letltxmacro/letltxmacro.sty
Package: letltxmacro 2019/12/03 v1.6 Let assignment for LaTeX macros (HO)
)
(/home/jas/.miktex/texmfs/install/tex/latex/auxhook/auxhook.sty
Package: auxhook 2019-12-17 v1.6 Hooks for auxiliary files (HO)
)
(/home/jas/.miktex/texmfs/install/tex/latex/kvoptions/kvoptions.sty
Package: kvoptions 2019/11/29 v3.13 Key value format for package options (HO)
)
\@linkdim=\dimen271
\Hy@linkcounter=\count283
\Hy@pagecounter=\count284

(/home/jas/.miktex/texmfs/install/tex/latex/hyperref/pd1enc.def
File: pd1enc.def 2020-05-15 v7.00e Hyperref: PDFDocEncoding definition (HO)
Now handling font encoding PD1 ...
... no UTF-8 mapping file for font encoding PD1
)
(/home/jas/.miktex/texmfs/install/tex/generic/intcalc/intcalc.sty
Package: intcalc 2019/12/15 v1.3 Expandable calculations with integers (HO)
)
(/home/jas/.miktex/texmfs/install/tex/generic/etexcmds/etexcmds.sty
Package: etexcmds 2019/12/15 v1.7 Avoid name clashes with e-TeX commands (HO)
)
\Hy@SavedSpaceFactor=\count285
Package hyperref Info: Hyper figures OFF on input line 4464.
Package hyperref Info: Link nesting OFF on input line 4469.
Package hyperref Info: Hyper index ON on input line 4472.
Package hyperref Info: Plain pages OFF on input line 4479.
Package hyperref Info: Backreferencing OFF on input line 4484.
Package hyperref Info: Implicit mode ON; LaTeX internals redefined.
Package hyperref Info: Bookmarks ON on input line 4717.
\c@Hy@tempcnt=\count286

(/home/jas/.miktex/texmfs/install/tex/latex/url/url.sty
\Urlmuskip=\muskip17
Package: url 2013/09/16  ver 3.4  Verb mode for urls, etc.
)
LaTeX Info: Redefining \url on input line 5076.
\XeTeXLinkMargin=\dimen272

(/home/jas/.miktex/texmfs/install/tex/generic/bitset/bitset.sty
Package: bitset 2019/12/09 v1.3 Handle bit-vector datatype (HO)

(/home/jas/.miktex/texmfs/install/tex/generic/bigintcalc/bigintcalc.sty
Package: bigintcalc 2019/12/15 v1.5 Expandable calculations on big integers (HO
)
))
\Fld@menulength=\count287
\Field@Width=\dimen273
\Fld@charsize=\dimen274
Package hyperref Info: Hyper figures OFF on input line 6347.
Package hyperref Info: Link nesting OFF on input line 6352.
Package hyperref Info: Hyper index ON on input line 6355.
Package hyperref Info: backreferencing OFF on input line 6362.
Package hyperref Info: Link coloring OFF on input line 6367.
Package hyperref Info: Link coloring with OCG OFF on input line 6372.
Package hyperref Info: PDF/A mode OFF on input line 6377.
LaTeX Info: Redefining \ref on input line 6417.
LaTeX Info: Redefining \pageref on input line 6421.

(/home/jas/.miktex/texmfs/install/tex/generic/atbegshi/atbegshi.sty
Package: atbegshi 2019/12/05 v1.19 At begin shipout hook (HO)
)
\Hy@abspage=\count288
\c@Item=\count289
\c@Hfootnote=\count290
)
Package hyperref Info: Driver (autodetected): hpdftex.

(/home/jas/.miktex/texmfs/install/tex/latex/hyperref/hpdftex.def
File: hpdftex.def 2020-05-15 v7.00e Hyperref driver for pdfTeX

(/home/jas/.miktex/texmfs/install/tex/latex/atveryend/atveryend.sty
Package: atveryend 2019-12-11 v1.11 Hooks at the very end of document (HO)
Package atveryend Info: \enddocument detected (standard20110627).
)
\Fld@listcount=\count291
\c@bookmark@seq@number=\count292

(/home/jas/.miktex/texmfs/install/tex/latex/rerunfilecheck/rerunfilecheck.sty
Package: rerunfilecheck 2019/12/05 v1.9 Rerun checks for auxiliary files (HO)

(/home/jas/.miktex/texmfs/install/tex/generic/uniquecounter/uniquecounter.sty
Package: uniquecounter 2019/12/15 v1.4 Provide unlimited unique counter (HO)
)
Package uniquecounter Info: New unique counter `rerunfilecheck' on input line 2
86.
)
\Hy@SectionHShift=\skip60
) (/home/jas/.miktex/texmfs/install/tex/latex/yfonts/yfonts.sty
Package: yfonts 2019/04/04 v1.4 (WaS&NP)
Now handling font encoding LY ...
... no UTF-8 mapping file for font encoding LY
Now handling font encoding LYG ...
... no UTF-8 mapping file for font encoding LYG
LaTeX Info: Composite with undeclared \" in encoding LYG on input line 58.
)
(/home/jas/.miktex/texmfs/install/tex/latex/tikz-cd/tikz-cd.sty
Package: tikz-cd 2018/11/19 v0.9f Commutative diagrams with TikZ

(/home/jas/.miktex/texmfs/install/tex/latex/tikz-cd/tikzlibrarycd.code.tex
(/home/jas/.miktex/texmfs/install/tex/generic/pgf/frontendlayer/tikz/libraries/
tikzlibrarymatrix.code.tex
File: tikzlibrarymatrix.code.tex 2020/01/08 v3.1.5b (3.1.5b)
)
(/home/jas/.miktex/texmfs/install/tex/generic/pgf/frontendlayer/tikz/libraries/
tikzlibraryquotes.code.tex
File: tikzlibraryquotes.code.tex 2020/01/08 v3.1.5b (3.1.5b)
)
(/home/jas/.miktex/texmfs/install/tex/generic/pgf/libraries/pgflibraryarrows.me
ta.code.tex
File: pgflibraryarrows.meta.code.tex 2020/01/08 v3.1.5b (3.1.5b)
\pgfarrowinset=\dimen275
\pgfarrowlength=\dimen276
\pgfarrowwidth=\dimen277
\pgfarrowlinewidth=\dimen278
)))
(/home/jas/.miktex/texmfs/install/tex/latex/subfiles/subfiles.sty
Package: subfiles 2020/02/14 v1.6 Multi-file projects (package)

(/home/jas/.miktex/texmfs/install/tex/latex/import/import.sty
Package: import 2020/04/01  v 6.2
))
(/home/jas/.miktex/texmfs/install/tex/latex/datetime/datetime.sty
Package: datetime 2015/03/20 v2.60 Date Time Package

(/home/jas/.miktex/texmfs/install/tex/latex/etoolbox/etoolbox.sty
Package: etoolbox 2019/09/21 v2.5h e-TeX tools for LaTeX (JAW)
\etb@tempcnta=\count293
)
(/home/jas/.miktex/texmfs/install/tex/latex/fmtcount/fmtcount.sty
Package: fmtcount 2020/01/30 v3.07

(/home/jas/.miktex/texmfs/install/tex/latex/base/ifthen.sty
Package: ifthen 2014/09/29 v1.1c Standard LaTeX ifthen package (DPC)
)
(/home/jas/.miktex/texmfs/install/tex/latex/xkeyval/xkeyval.sty
Package: xkeyval 2014/12/03 v2.7a package option processing (HA)

(/home/jas/.miktex/texmfs/install/tex/generic/xkeyval/xkeyval.tex
(/home/jas/.miktex/texmfs/install/tex/generic/xkeyval/xkvutils.tex
\XKV@toks=\toks41
\XKV@tempa@toks=\toks42
)
\XKV@depth=\count294
File: xkeyval.tex 2014/12/03 v2.7a key=value parser (HA)
))
(/home/jas/.miktex/texmfs/install/tex/latex/fmtcount/fcprefix.sty
Package: fcprefix 2012/09/28

(/home/jas/.miktex/texmfs/install/tex/latex/fmtcount/fcnumparser.sty
Package: fcnumparser 2017/06/15
\fc@digit@counter=\count295
))
\c@padzeroesN=\count296
\fc@tmpcatcode=\count297
\@DT@modctr=\count298
\@ordinalctr=\count299
\@orgargctr=\count300
\@strctr=\count301
\@tmpstrctr=\count302
\@DT@loopN=\count303
\@DT@X=\count304
)
(/home/jas/.miktex/texmfs/install/tex/latex/datetime/datetime-defaults.sty
Package: datetime-defaults 2013/09/10
)
\@day=\count305
\@month=\count306
\@year=\count307
\c@HOUR=\count308
\c@HOURXII=\count309
\c@MINUTE=\count310
\c@TOHOUR=\count311
\c@TOMINUTE=\count312
\c@SECOND=\count313
\currenthour=\count314
\currentminute=\count315
\currentsecond=\count316
Package datetime Info: No datetime.cfg file found, using default settings on in
put line 308.
\@dtctr=\count317
\dayofyear=\count318
\dayofweek=\count319
LaTeX Info: Redefining \today on input line 736.
\dt@a=\toks43
\dt@b=\toks44
)
(/home/jas/.miktex/texmfs/install/tex/latex/adjustbox/adjustbox.sty
Package: adjustbox 2019/01/04 v1.2 Adjusting TeX boxes (trim, clip, ...)

(/home/jas/.miktex/texmfs/install/tex/latex/adjustbox/adjcalc.sty
Package: adjcalc 2012/05/16 v1.1 Provides advanced setlength with multiple back
-ends (calc, etex, pgfmath)
)
(/home/jas/.miktex/texmfs/install/tex/latex/adjustbox/trimclip.sty
Package: trimclip 2018/04/08 v1.1 Trim and clip general TeX material

(/home/jas/.miktex/texmfs/install/tex/latex/collectbox/collectbox.sty
Package: collectbox 2012/05/17 v0.4b Collect macro arguments as boxes
\collectedbox=\box60
)
\tc@llx=\dimen279
\tc@lly=\dimen280
\tc@urx=\dimen281
\tc@ury=\dimen282
Package trimclip Info: Using driver 'tc-pdftex.def'.

(/home/jas/.miktex/texmfs/install/tex/latex/adjustbox/tc-pdftex.def
File: tc-pdftex.def 2019/01/04 v2.2 Clipping driver for pdftex
))
\adjbox@Width=\dimen283
\adjbox@Height=\dimen284
\adjbox@Depth=\dimen285
\adjbox@Totalheight=\dimen286
\adjbox@pwidth=\dimen287
\adjbox@pheight=\dimen288
\adjbox@pdepth=\dimen289
\adjbox@ptotalheight=\dimen290

(/home/jas/.miktex/texmfs/install/tex/latex/ifoddpage/ifoddpage.sty
Package: ifoddpage 2016/04/23 v1.1 Conditionals for odd/even page detection
\c@checkoddpage=\count320
)
(/home/jas/.miktex/texmfs/install/tex/latex/varwidth/varwidth.sty
Package: varwidth 2009/03/30 ver 0.92;  Variable-width minipages
\@vwid@box=\box61
\sift@deathcycles=\count321
\@vwid@loff=\dimen291
\@vwid@roff=\dimen292
))
(/home/jas/.miktex/texmfs/install/tex/latex/extarrows/extarrows.sty
Package: extarrows 2020/03/12 v1.2.0 Some extensible arrows
)
(/home/jas/.miktex/texmfs/install/tex/latex/tocbibind/tocbibind.sty
Package: tocbibind 2010/10/13 v1.5k extra ToC listings
Package tocbibind Info: The document has section divisions on input line 50.


Package tocbibind Note: Using section or other style headings.

) (/home/jas/.miktex/texmfs/install/tex/latex/biblatex/biblatex.sty
Package: biblatex 2019/12/01 v3.14 programmable bibliographies (PK/MW)

(/home/jas/.miktex/texmfs/install/tex/latex/logreq/logreq.sty
Package: logreq 2010/08/04 v1.0 xml request logger
\lrq@indent=\count322

(/home/jas/.miktex/texmfs/install/tex/latex/logreq/logreq.def
File: logreq.def 2010/08/04 v1.0 logreq spec v1.0
))
\c@tabx@nest=\count323
\c@listtotal=\count324
\c@listcount=\count325
\c@liststart=\count326
\c@liststop=\count327
\c@citecount=\count328
\c@citetotal=\count329
\c@multicitecount=\count330
\c@multicitetotal=\count331
\c@instcount=\count332
\c@maxnames=\count333
\c@minnames=\count334
\c@maxitems=\count335
\c@minitems=\count336
\c@citecounter=\count337
\c@maxcitecounter=\count338
\c@savedcitecounter=\count339
\c@uniquelist=\count340
\c@uniquename=\count341
\c@refsection=\count342
\c@refsegment=\count343
\c@maxextratitle=\count344
\c@maxextratitleyear=\count345
\c@maxextraname=\count346
\c@maxextradate=\count347
\c@maxextraalpha=\count348
\c@abbrvpenalty=\count349
\c@highnamepenalty=\count350
\c@lownamepenalty=\count351
\c@maxparens=\count352
\c@parenlevel=\count353
\blx@tempcnta=\count354
\blx@tempcntb=\count355
\blx@tempcntc=\count356
\blx@maxsection=\count357
\blx@maxsegment@0=\count358
\blx@notetype=\count359
\blx@parenlevel@text=\count360
\blx@parenlevel@foot=\count361
\blx@sectionciteorder@0=\count362
\blx@entrysetcounter=\count363
\labelnumberwidth=\skip61
\labelalphawidth=\skip62
\biblabelsep=\skip63
\bibitemsep=\skip64
\bibnamesep=\skip65
\bibinitsep=\skip66
\bibparsep=\skip67
\bibhang=\skip68
\blx@bcfin=\read3
\blx@bcfout=\write4
\blx@langwohyphens=\language1
\c@mincomprange=\count364
\c@maxcomprange=\count365
\c@mincompwidth=\count366
Package biblatex Info: Trying to load biblatex default data model...
Package biblatex Info: ... file 'blx-dm.def' found.

(/home/jas/.miktex/texmfs/install/tex/latex/biblatex/blx-dm.def
File: blx-dm.def 2019/12/01 v3.14 biblatex localization (PK/MW)
)
Package biblatex Info: Trying to load biblatex style data model...
Package biblatex Info: ... file 'alphabetic.dbx' not found.
Package biblatex Info: Trying to load biblatex custom data model...
Package biblatex Info: ... file 'biblatex-dm.cfg' not found.
\c@afterword=\count367
\c@savedafterword=\count368
\c@annotator=\count369
\c@savedannotator=\count370
\c@author=\count371
\c@savedauthor=\count372
\c@bookauthor=\count373
\c@savedbookauthor=\count374
\c@commentator=\count375
\c@savedcommentator=\count376
\c@editor=\count377
\c@savededitor=\count378
\c@editora=\count379
\c@savededitora=\count380
\c@editorb=\count381
\c@savededitorb=\count382
\c@editorc=\count383
\c@savededitorc=\count384
\c@foreword=\count385
\c@savedforeword=\count386
\c@holder=\count387
\c@savedholder=\count388
\c@introduction=\count389
\c@savedintroduction=\count390
\c@namea=\count391
\c@savednamea=\count392
\c@nameb=\count393
\c@savednameb=\count394
\c@namec=\count395
\c@savednamec=\count396
\c@translator=\count397
\c@savedtranslator=\count398
\c@shortauthor=\count399
\c@savedshortauthor=\count400
\c@shorteditor=\count401
\c@savedshorteditor=\count402
\c@labelname=\count403
\c@savedlabelname=\count404
\c@institution=\count405
\c@savedinstitution=\count406
\c@lista=\count407
\c@savedlista=\count408
\c@listb=\count409
\c@savedlistb=\count410
\c@listc=\count411
\c@savedlistc=\count412
\c@listd=\count413
\c@savedlistd=\count414
\c@liste=\count415
\c@savedliste=\count416
\c@listf=\count417
\c@savedlistf=\count418
\c@location=\count419
\c@savedlocation=\count420
\c@organization=\count421
\c@savedorganization=\count422
\c@origlocation=\count423
\c@savedoriglocation=\count424
\c@origpublisher=\count425
\c@savedorigpublisher=\count426
\c@publisher=\count427
\c@savedpublisher=\count428
\c@language=\count429
\c@savedlanguage=\count430
\c@origlanguage=\count431
\c@savedoriglanguage=\count432
\c@pageref=\count433
\c@savedpageref=\count434
\shorthandwidth=\skip69
\shortjournalwidth=\skip70
\shortserieswidth=\skip71
\shorttitlewidth=\skip72
\shortauthorwidth=\skip73
\shorteditorwidth=\skip74
\locallabelnumberwidth=\skip75
\locallabelalphawidth=\skip76
\localshorthandwidth=\skip77
\localshortjournalwidth=\skip78
\localshortserieswidth=\skip79
\localshorttitlewidth=\skip80
\localshortauthorwidth=\skip81
\localshorteditorwidth=\skip82
Package biblatex Info: Trying to load compatibility code...
Package biblatex Info: ... file 'blx-compat.def' found.

(/home/jas/.miktex/texmfs/install/tex/latex/biblatex/blx-compat.def
File: blx-compat.def 2019/12/01 v3.14 biblatex compatibility (PK/MW)
)
Package biblatex Info: Trying to load generic definitions...
Package biblatex Info: ... file 'biblatex.def' found.

(/home/jas/.miktex/texmfs/install/tex/latex/biblatex/biblatex.def
File: biblatex.def 2019/12/01 v3.14 biblatex compatibility (PK/MW)
\c@textcitecount=\count435
\c@textcitetotal=\count436
\c@textcitemaxnames=\count437
\c@biburlbigbreakpenalty=\count438
\c@biburlbreakpenalty=\count439
\c@biburlnumpenalty=\count440
\c@biburlucpenalty=\count441
\c@biburllcpenalty=\count442
\biburlbigskip=\muskip18
\biburlnumskip=\muskip19
\biburlucskip=\muskip20
\biburllcskip=\muskip21
\c@smartand=\count443
)
Package biblatex Info: Trying to load bibliography style 'alphabetic'...
Package biblatex Info: ... file 'alphabetic.bbx' found.

(/home/jas/.miktex/texmfs/install/tex/latex/biblatex/bbx/alphabetic.bbx
File: alphabetic.bbx 2019/12/01 v3.14 biblatex bibliography style (PK/MW)
Package biblatex Info: Trying to load bibliography style 'standard'...
Package biblatex Info: ... file 'standard.bbx' found.

(/home/jas/.miktex/texmfs/install/tex/latex/biblatex/bbx/standard.bbx
File: standard.bbx 2019/12/01 v3.14 biblatex bibliography style (PK/MW)
\c@bbx:relatedcount=\count444
\c@bbx:relatedtotal=\count445
))
Package biblatex Info: Trying to load citation style 'alphabetic'...
Package biblatex Info: ... file 'alphabetic.cbx' found.

(/home/jas/.miktex/texmfs/install/tex/latex/biblatex/cbx/alphabetic.cbx
File: alphabetic.cbx 2019/12/01 v3.14 biblatex citation style (PK/MW)
Package biblatex Info: Redefining '\cite'.
Package biblatex Info: Redefining '\parencite'.
Package biblatex Info: Redefining '\footcite'.
Package biblatex Info: Redefining '\footcitetext'.
Package biblatex Info: Redefining '\smartcite'.
Package biblatex Info: Redefining '\textcite'.
Package biblatex Info: Redefining '\textcites'.
Package biblatex Info: Redefining '\cites'.
Package biblatex Info: Redefining '\parencites'.
Package biblatex Info: Redefining '\smartcites'.
)
Package biblatex Info: Trying to load configuration file...
Package biblatex Info: ... file 'biblatex.cfg' found.

(/home/jas/.miktex/texmfs/install/tex/latex/biblatex/biblatex.cfg
File: biblatex.cfg 
))
(/home/jas/.miktex/texmfs/install/tex/generic/pgf/frontendlayer/tikz/libraries/
tikzlibrarypositioning.code.tex
File: tikzlibrarypositioning.code.tex 2020/01/08 v3.1.5b (3.1.5b)
)
(/home/jas/.miktex/texmfs/install/tex/generic/pgf/frontendlayer/tikz/libraries/
tikzlibrarylindenmayersystems.code.tex
(/home/jas/.miktex/texmfs/install/tex/generic/pgf/libraries/pgflibrarylindenmay
ersystems.code.tex
\pgflsystemstep=\dimen293
\c@pgf@lsystem@iteration=\count446
))
(/home/jas/.miktex/texmfs/install/tex/latex/sidecap/sidecap.sty
Package: sidecap 2003/06/06 v1.6f SideCap Package (RN/HjG)
\SC@BOXWD=\dimen294
\SC@CAPWD=\dimen295
\SC@tempdima=\dimen296
\SC@tempdimb=\dimen297
\c@SC@C=\count447
\SC@BOX=\box62
)
(/home/jas/.miktex/texmfs/install/tex/latex/wrapfig/wrapfig.sty
\wrapoverhang=\dimen298
\WF@size=\dimen299
\c@WF@wrappedlines=\count448
\WF@box=\box63
\WF@everypar=\toks45
Package: wrapfig 2003/01/31  v 3.6
)
Package hyperref Info: Option `colorlinks' set `true' on input line 34.
\c@theorem=\count449
\c@corollary=\count450
\c@definition=\count451
\@quotelevel=\count452
\@quotereset=\count453

(/home/jas/.miktex/texmfs/install/tex/latex/l3backend/l3backend-pdfmode.def
File: l3backend-pdfmode.def 2020-06-03 L3 backend support: PDF mode
\l__kernel_color_stack_int=\count454
\l__pdf_internal_box=\box64
)
(main.aux)
\openout1 = `main.aux'.

LaTeX Font Info:    Checking defaults for OML/cmm/m/it on input line 117.
LaTeX Font Info:    ... okay on input line 117.
LaTeX Font Info:    Checking defaults for OMS/cmsy/m/n on input line 117.
LaTeX Font Info:    ... okay on input line 117.
LaTeX Font Info:    Checking defaults for OT1/cmr/m/n on input line 117.
LaTeX Font Info:    ... okay on input line 117.
LaTeX Font Info:    Checking defaults for T1/cmr/m/n on input line 117.
LaTeX Font Info:    ... okay on input line 117.
LaTeX Font Info:    Checking defaults for TS1/cmr/m/n on input line 117.
LaTeX Font Info:    ... okay on input line 117.
LaTeX Font Info:    Checking defaults for OMX/cmex/m/n on input line 117.
LaTeX Font Info:    ... okay on input line 117.
LaTeX Font Info:    Checking defaults for U/cmr/m/n on input line 117.
LaTeX Font Info:    ... okay on input line 117.
LaTeX Font Info:    Checking defaults for PD1/pdf/m/n on input line 117.
LaTeX Font Info:    ... okay on input line 117.
LaTeX Font Info:    Checking defaults for LY/yfrak/m/n on input line 117.
LaTeX Font Info:    ... okay on input line 117.
LaTeX Font Info:    Checking defaults for LYG/ygoth/m/n on input line 117.
LaTeX Font Info:    ... okay on input line 117.

*geometry* driver: auto-detecting
*geometry* detected driver: pdftex
*geometry* verbose mode - [ preamble ] result:
* driver: pdftex
* paper: <default>
* layout: <same size as paper>
* layoutoffset:(h,v)=(0.0pt,0.0pt)
* modes: 
* h-part:(L,W,R)=(72.26999pt, 469.75502pt, 72.26999pt)
* v-part:(T,H,B)=(72.26999pt, 650.43001pt, 72.26999pt)
* \paperwidth=614.295pt
* \paperheight=794.96999pt
* \textwidth=469.75502pt
* \textheight=650.43001pt
* \oddsidemargin=0.0pt
* \evensidemargin=0.0pt
* \topmargin=-37.0pt
* \headheight=12.0pt
* \headsep=25.0pt
* \topskip=12.0pt
* \footskip=30.0pt
* \marginparwidth=44.0pt
* \marginparsep=10.0pt
* \columnsep=10.0pt
* \skip\footins=10.8pt plus 4.0pt minus 2.0pt
* \hoffset=0.0pt
* \voffset=0.0pt
* \mag=1000
* \@twocolumnfalse
* \@twosidefalse
* \@mparswitchfalse
* \@reversemarginfalse
* (1in=72.27pt=25.4mm, 1cm=28.453pt)

(/home/jas/.miktex/texmfs/install/tex/context/base/mkii/supp-pdf.mkii
[Loading MPS to PDF converter (version 2006.09.02).]
\scratchcounter=\count455
\scratchdimen=\dimen300
\scratchbox=\box65
\nofMPsegments=\count456
\nofMParguments=\count457
\everyMPshowfont=\toks46
\MPscratchCnt=\count458
\MPscratchDim=\dimen301
\MPnumerator=\count459
\makeMPintoPDFobject=\count460
\everyMPtoPDFconversion=\toks47
) (/home/jas/.miktex/texmfs/install/tex/latex/epstopdf-pkg/epstopdf-base.sty
Package: epstopdf-base 2020-01-24 v2.11 Base part for package epstopdf
Package epstopdf-base Info: Redefining graphics rule for `.eps' on input line 4
85.
)
ABD: EveryShipout initializing macros
\AtBeginShipoutBox=\box66
Package hyperref Info: Link coloring ON on input line 117.

(/home/jas/.miktex/texmfs/install/tex/latex/hyperref/nameref.sty
Package: nameref 2019/09/16 v2.46 Cross-referencing by name of section

(/home/jas/.miktex/texmfs/install/tex/latex/refcount/refcount.sty
Package: refcount 2019/12/15 v3.6 Data extraction from label references (HO)
)
(/home/jas/.miktex/texmfs/install/tex/generic/gettitlestring/gettitlestring.sty
Package: gettitlestring 2019/12/15 v1.6 Cleanup title references (HO)
)
\c@section@level=\count461
)
LaTeX Info: Redefining \ref on input line 117.
LaTeX Info: Redefining \pageref on input line 117.
LaTeX Info: Redefining \nameref on input line 117.
 (main.out) (main.out)
\@outlinefile=\write5
\openout5 = `main.out'.


(/home/jas/.miktex/texmfs/install/tex/latex/fmtcount/fc-english.def
File: fc-english.def 2016/01/12
)
Package biblatex Info: Trying to load language 'english'...
Package biblatex Info: ... file 'english.lbx' found.

(/home/jas/.miktex/texmfs/install/tex/latex/biblatex/lbx/english.lbx
File: english.lbx 2019/12/01 v3.14 biblatex localization (PK/MW)
)
Package biblatex Info: Input encoding 'utf8' detected.
Package biblatex Info: Automatic encoding selection.
(biblatex)             Assuming data encoding 'utf8'.
\openout4 = `main.bcf'.

Package biblatex Info: Trying to load bibliographic data...
Package biblatex Info: ... file 'main.bbl' found.
 (main.bbl)
Package biblatex Info: Reference section=0 on input line 117.
Package biblatex Info: Reference segment=0 on input line 117.
 (/home/jas/.miktex/texmfs/install/tex/latex/ragged2e/ragged2e.sty
Package: ragged2e 2019/07/28 v2.2 ragged2e Package (MS)

(/home/jas/.miktex/texmfs/install/tex/latex/ms/everysel.sty
Package: everysel 2011/10/28 v1.2 EverySelectfont Package (MS)

ABD: EverySelectfont initializing macros
LaTeX Info: Redefining \selectfont on input line 126.
)
\CenteringLeftskip=\skip83
\RaggedLeftLeftskip=\skip84
\RaggedRightLeftskip=\skip85
\CenteringRightskip=\skip86
\RaggedLeftRightskip=\skip87
\RaggedRightRightskip=\skip88
\CenteringParfillskip=\skip89
\RaggedLeftParfillskip=\skip90
\RaggedRightParfillskip=\skip91
\JustifyingParfillskip=\skip92
\CenteringParindent=\skip93
\RaggedLeftParindent=\skip94
\RaggedRightParindent=\skip95
\JustifyingParindent=\skip96
)
LaTeX Font Info:    Trying to load font information for U+msa on input line 120
.

(/home/jas/.miktex/texmfs/install/tex/latex/amsfonts/umsa.fd
File: umsa.fd 2013/01/14 v3.01 AMS symbols A
)
LaTeX Font Info:    Trying to load font information for U+msb on input line 120
.

(/home/jas/.miktex/texmfs/install/tex/latex/amsfonts/umsb.fd
File: umsb.fd 2013/01/14 v3.01 AMS symbols B
) (main.toc)
\tf@toc=\write6
\openout6 = `main.toc'.


[1

{/home/jas/.miktex/texmfs/data/pdftex/config/pdftex.map}]
("chapter 1/section 1/problem 01.tex") ("chapter 1/section 1/problem 02.tex"
[2]) ("chapter 1/section 1/problem 03.tex") ("chapter 1/section 1/problem 04.te
x" [3]) ("chapter 1/section 1/problem 05.tex")
("chapter 1/section 1/problem 06.tex") ("chapter 1/section 1/problem 07.tex"
[4]) ("chapter 1/section 1/problem 08.tex"
LaTeX Font Info:    Trying to load font information for U+euf on input line 6.

(/home/jas/.miktex/texmfs/install/tex/latex/amsfonts/ueuf.fd
File: ueuf.fd 2013/01/14 v3.01 Euler Fraktur
))
("chapter 1/section 1/problem 09.tex" [5]) ("chapter 1/section 1/problem 10.tex
" [6]) ("chapter 1/section 1/problem 11.tex")
("chapter 1/section 1/problem 12.tex") [7] ("chapter 1/section 2/problem 01.tex
") ("chapter 1/section 2/problem 02.tex"
! Missing $ inserted.
<inserted text> 
                $
l.16 	$(iii) \implies (i).$ If $\a$ \supseteq
                                              S_d$ then $x_i^d \in \a$ for a...
I've inserted a begin-math/end-math symbol since I think
you left one out. Proceed, with fingers crossed.

) ("chapter 1/section 2/problem 03.tex" [8])
("chapter 1/section 2/problem 04.tex" [9]) ("chapter 1/section 2/problem 05.tex
") ("chapter 1/section 2/problem 06.tex" [10]
Overfull \hbox (8.86569pt too wide) in paragraph at lines 19--20
\OT1/cmr/m/n/12 aninverse. Recall the ``dehomogenization" of $\OML/cmm/m/it/12 
f$ \OT1/cmr/m/n/12 with respect to $\OML/cmm/m/it/12 x[]$ \OT1/cmr/m/n/12 is $\
OML/cmm/m/it/12 []\OT1/cmr/m/n/12 (\OML/cmm/m/it/12 f\OT1/cmr/m/n/12 ) = \OML/
cmm/m/it/12 f\OT1/cmr/m/n/12 (\OML/cmm/m/it/12 x[]; [] ; \OT1/cmr/m/n/12 1\OML/
cmm/m/it/12 ; [] ; x[]\OT1/cmr/m/n/12 )$
 []

! Missing delimiter (. inserted).
<to be read again> 
                   =
l.21 ..._i}{a_i}}, \dots, \frac{a_n}{a_i}}\right =
                                                   g\parens{\frac{a_0}{a_i},...
I was expecting to see something like `(' or `\{' or
`\}' here. If you typed, e.g., `{' instead of `\{', you
should probably delete the `{' by typing `1' now, so that
braces don't get unbalanced. Otherwise just proceed.
Acceptable delimiters are characters whose \delcode is
nonnegative, or you can use `\delimiter <delimiter code>'.

! Extra \right.
<to be read again> 
                   =
l.21 ..._i}{a_i}}, \dots, \frac{a_n}{a_i}}\right =
                                                   g\parens{\frac{a_0}{a_i},...
I'm ignoring a \right that had no matching \left.

[11]) ("chapter 1/section 2/problem 07.tex" [12])
("chapter 1/section 2/problem 08.tex") ("chapter 1/section 2/problem 09.tex"
[13]
<./images/twisted-cubic-affine.png, id=213, 327.47343pt x 448.67625pt>
File: ./images/twisted-cubic-affine.png Graphic file (type png)
<use ./images/twisted-cubic-affine.png>
Package pdftex.def Info: ./images/twisted-cubic-affine.png  used on input line 
29.
(pdftex.def)             Requested size: 327.47264pt x 448.67516pt.
<./images/twisted-cubic-projective.png, id=215, 530.73282pt x 484.81125pt>
File: ./images/twisted-cubic-projective.png Graphic file (type png)
<use ./images/twisted-cubic-projective.png>
Package pdftex.def Info: ./images/twisted-cubic-projective.png  used on input l
ine 38.
(pdftex.def)             Requested size: 530.73152pt x 484.81006pt.

Overfull \hbox (60.9765pt too wide) in paragraph at lines 38--39
 [][] 
 []

[14] [15 <./images/twisted-cubic-affine.png (PNG copy)>] [16 <./images/twisted-
cubic-projective.png (PNG copy)>]) ("chapter 1/section 2/problem 10.tex"
<./images/Fig 01.png, id=235, 429.40425pt x 242.70676pt>
File: ./images/Fig 01.png Graphic file (type png)
<use ./images/Fig 01.png>
Package pdftex.def Info: ./images/Fig 01.png  used on input line 23.
(pdftex.def)             Requested size: 429.40318pt x 242.70615pt.

[17]) ("chapter 1/section 2/problem 11.tex" [18 <./images/Fig 01.png>]
! Extra }, or forgotten $.
l.22 ...$[a_0 : \dots : a_n] \in Y$ iff $(f_{ij})}
                                                   \begin{pmatrix}
I've deleted a group-closing symbol because it seems to be
spurious, as in `$x}$'. But perhaps the } is legitimate and
you forgot something else, as in `\hbox{$x}'. In such cases
the way to recover is to insert both the forgotten and the
deleted material, e.g., by typing `I$}'.

) ("chapter 1/section 2/problem 12.tex" [19] [20])
("chapter 1/section 2/problem 13.tex" [21]) ("chapter 1/section 2/problem 14.te
x" [22]) ("chapter 1/section 2/problem 15.tex"
<./images/Fig 02.png, id=300, 320.99925pt x 237.88875pt>
File: ./images/Fig 02.png Graphic file (type png)
<use ./images/Fig 02.png>
Package pdftex.def Info: ./images/Fig 02.png  used on input line 15.
(pdftex.def)             Requested size: 320.99846pt x 237.88815pt.
 [23 <./images/Fig 02.png>]
Overfull \hbox (68.3995pt too wide) in paragraph at lines 28--29
[]\OT1/cmr/m/n/12 Now we want algebraic independence of these first $3$. Take i
ndeed some $[] \OML/cmm/m/it/12 a[]\OT1/cmr/m/n/12 (\OML/cmm/m/it/12 x[]y[]\OT1
/cmr/m/n/12 )[](\OML/cmm/m/it/12 x[]y[]\OT1/cmr/m/n/12 )[](\OML/cmm/m/it/12 x[]
y[]\OT1/cmr/m/n/12 )[] =
 []


Overfull \hbox (48.92616pt too wide) in paragraph at lines 36--37
[]$\OML/cmm/m/it/12 Q$ \OT1/cmr/m/n/12 contains the image of the $2$-uple embed
ding $\U/msb/m/n/12 P[] [][]\OMS/oasy/m/n/12 ! \U/msb/m/n/12 P[]$\OT1/cmr/m/n/1
2 , which has image $[]$.
 []

! Undefined control sequence.
l.41 ... form $A_0 \times A_1$ where $A_i \substeq
                                                   X_i$ are irreducible clos...
The control sequence at the end of the top line
of your error message was never \def'ed. If you have
misspelled it (e.g., `\hobx'), type `I' and the correct
spelling (e.g., `I\hbox'). Otherwise just continue,
and I'll forget about whatever was undefined.

[24]) ("chapter 1/section 2/problem 16.tex" [25])
("chapter 1/section 2/problem 17.tex"
Overfull \hbox (12.12022pt too wide) in paragraph at lines 12--13
\OT1/cmr/m/n/12 intersection of two surfaces. See Hartshorne [1] and Hartshorne
 [5, III, \TS1/cmr/m/n/12 §\OT1/cmr/m/n/12 5] for commentary. 
 []

[26] [27]) [28] ("chapter 1/section 3/problem 01.tex"

LaTeX Warning: Reference `1.6.7' on page 29 undefined on input line 6.


LaTeX Warning: Reference `1.4.8' on page 29 undefined on input line 10.

! Undefined control sequence.
l.19 ...ow \mathcal O(\A^1 - 0)$ sending $x \mapto
                                                   t$ and $y \mapsto 1/t$. A...
The control sequence at the end of the top line
of your error message was never \def'ed. If you have
misspelled it (e.g., `\hobx'), type `I' and the correct
spelling (e.g., `I\hbox'). Otherwise just continue,
and I'll forget about whatever was undefined.

[29]) ("chapter 1/section 3/problem 02.tex")
("chapter 1/section 3/problem 03.tex") ("chapter 1/section 3/problem 04.tex"
[30]) ("chapter 1/section 3/problem 05.tex")
("chapter 1/section 3/problem 06.tex"

LaTeX Warning: Reference `3.4.3' on page 31 undefined on input line 3.

) ("chapter 1/section 3/problem 07.tex") ("chapter 1/section 3/problem 08.tex")
("chapter 1/section 3/problem 09.tex") ("chapter 1/section 3/problem 10.tex"
[31]) ("chapter 1/section 3/problem 11.tex")
("chapter 1/section 3/problem 12.tex") ("chapter 1/section 3/problem 13.tex")
("chapter 1/section 3/problem 14.tex"
! Undefined control sequence.
l.10     \item Let $Y \susbeteq
                                \P^3$ be the twisted cubic curve which is th...
The control sequence at the end of the top line
of your error message was never \def'ed. If you have
misspelled it (e.g., `\hobx'), type `I' and the correct
spelling (e.g., `I\hbox'). Otherwise just continue,
and I'll forget about whatever was undefined.

[32]) ("chapter 1/section 3/problem 15.tex")
("chapter 1/section 3/problem 16.tex") ("chapter 1/section 3/problem 17.tex"

LaTeX Warning: Reference `2.6.4' on page 33 undefined on input line 10.

[33]
! Undefined control sequence.
<recently read> \phu 
                     
l.16 ...grightarrow \widetilde{Y}$ such that $\phu
                                                   = \pi \circ \theta$. $\wi...
The control sequence at the end of the top line
of your error message was never \def'ed. If you have
misspelled it (e.g., `\hobx'), type `I' and the correct
spelling (e.g., `I\hbox'). Otherwise just continue,
and I'll forget about whatever was undefined.

) ("chapter 1/section 3/problem 18.tex"

LaTeX Warning: Reference `3.5.6' on page 34 undefined on input line 10.

) ("chapter 1/section 3/problem 19.tex"
! Extra }, or forgotten $.
l.5 ...x_n$. Let $J = \det \pipe{\diff{f_i}{x_j}}}
                                                  $ be the Jacobian polynomi...
I've deleted a group-closing symbol because it seems to be
spurious, as in `$x}$'. But perhaps the } is legitimate and
you forgot something else, as in `\hbox{$x}'. In such cases
the way to recover is to insert both the forgotten and the
deleted material, e.g., by typing `I$}'.

[34]) ("chapter 1/section 3/problem 20.tex"

LaTeX Warning: Reference `3.3.5' on page 35 undefined on input line 8.

) ("chapter 1/section 3/problem 21.tex") [35]
Overfull \hbox (16.44904pt too wide) in paragraph at lines 196--196
[]\OT1/cmr/m/n/12 David A. Cox, John B. Little, and Donal O'Shea. \OT1/cmr/m/it
/12 Ideals, varieties, and algorithms:
 []


Overfull \hbox (7.63402pt too wide) in paragraph at lines 196--196
[]\OT1/cmr/m/n/12 The Stacks Project Authors. \OT1/cmr/m/it/12 Stacks Project\O
T1/cmr/m/n/12 . [][]$\OT1/cmtt/m/n/12 https : / / stacks . math . columbia .
 []

[36]
Package atveryend Info: Empty hook `BeforeClearDocument' on input line 197.
Package atveryend Info: Empty hook `AfterLastShipout' on input line 197.
 (main.aux)
Package atveryend Info: Executing hook `AtVeryEndDocument' on input line 197.
Package atveryend Info: Executing hook `AtEndAfterFileList' on input line 197.
Package rerunfilecheck Info: File `main.out' has not changed.
(rerunfilecheck)             Checksum: B4DCCA489A9EC0B700DCE53BC468B7CB;236.


LaTeX Warning: There were undefined references.


LaTeX Warning: Label(s) may have changed. Rerun to get cross-references right.

Package logreq Info: Writing requests to 'main.run.xml'.
\openout1 = `main.run.xml'.

Package atveryend Info: Empty hook `AtVeryVeryEnd' on input line 197.
 ) 
Here is how much of TeX's memory you used:
 29025 strings out of 482725
 557051 string characters out of 2949046
 1189305 words of memory out of 3000000
 43876 multiletter control sequences out of 15000+200000
 544866 words of font info for 74 fonts, out of 3000000 for 9000
 0 hyphenation exceptions out of 8191
 60i,20n,86p,1585b,1575s stack positions out of 5000i,500n,10000p,200000b,50000s
 </home/jas/.miktex/texmfs/data/fonts/pk/ljfour/jknappen/ec/dpi600/tcrm1200.p
k>{/home/jas/.miktex/texmfs/install/fonts/enc/dvips/old-arrows/oasy.enc}</home/
jas/.miktex/texmfs/install/fonts/type1/public/amsfonts/cm/cmbx12.pfb></home/jas
/.miktex/texmfs/install/fonts/type1/public/amsfonts/cm/cmcsc10.pfb></home/jas/.
miktex/texmfs/install/fonts/type1/public/amsfonts/cm/cmex10.pfb></home/jas/.mik
tex/texmfs/install/fonts/type1/public/amsfonts/cm/cmmi12.pfb></home/jas/.miktex
/texmfs/install/fonts/type1/public/amsfonts/cm/cmmi6.pfb></home/jas/.miktex/tex
mfs/install/fonts/type1/public/amsfonts/cm/cmmi8.pfb></home/jas/.miktex/texmfs/
install/fonts/type1/public/amsfonts/cm/cmr12.pfb></home/jas/.miktex/texmfs/inst
all/fonts/type1/public/amsfonts/cm/cmr17.pfb></home/jas/.miktex/texmfs/install/
fonts/type1/public/amsfonts/cm/cmr6.pfb></home/jas/.miktex/texmfs/install/fonts
/type1/public/amsfonts/cm/cmr8.pfb></home/jas/.miktex/texmfs/install/fonts/type
1/public/amsfonts/cm/cmsl12.pfb></home/jas/.miktex/texmfs/install/fonts/type1/p
ublic/amsfonts/cm/cmsy10.pfb></home/jas/.miktex/texmfs/install/fonts/type1/publ
ic/amsfonts/cm/cmsy6.pfb></home/jas/.miktex/texmfs/install/fonts/type1/public/a
msfonts/cm/cmsy8.pfb></home/jas/.miktex/texmfs/install/fonts/type1/public/amsfo
nts/cm/cmti12.pfb></home/jas/.miktex/texmfs/install/fonts/type1/public/amsfonts
/cm/cmtt12.pfb></home/jas/.miktex/texmfs/install/fonts/type1/public/amsfonts/eu
ler/eufm10.pfb></home/jas/.miktex/texmfs/install/fonts/type1/public/amsfonts/sy
mbols/msbm10.pfb></home/jas/.miktex/texmfs/install/fonts/type1/public/old-arrow
s/oasy10.pfb>
Output written on main.pdf (36 pages, 554501 bytes).
PDF statistics:
 594 PDF objects out of 1000 (max. 8388607)
 242 named destinations out of 1000 (max. 500000)
 65 words of extra memory for PDF output out of 10000 (max. 10000000)

