\BOOKMARK [1][-]{section.1}{Varieties}{}% 1
\BOOKMARK [2][-]{subsection.1.1}{Affine Varieties}{section.1}% 2
\BOOKMARK [3][-]{subsubsection.1.1.1}{INCOMPLETE}{subsection.1.1}% 3
\BOOKMARK [3][-]{subsubsection.1.1.2}{}{subsection.1.1}% 4
\BOOKMARK [3][-]{subsubsection.1.1.3}{}{subsection.1.1}% 5
\BOOKMARK [3][-]{subsubsection.1.1.4}{}{subsection.1.1}% 6
\BOOKMARK [3][-]{subsubsection.1.1.5}{}{subsection.1.1}% 7
\BOOKMARK [3][-]{subsubsection.1.1.6}{}{subsection.1.1}% 8
\BOOKMARK [3][-]{subsubsection.1.1.7}{}{subsection.1.1}% 9
\BOOKMARK [3][-]{subsubsection.1.1.8}{}{subsection.1.1}% 10
\BOOKMARK [3][-]{subsubsection.1.1.9}{}{subsection.1.1}% 11
\BOOKMARK [3][-]{subsubsection.1.1.10}{}{subsection.1.1}% 12
\BOOKMARK [3][-]{subsubsection.1.1.11}{}{subsection.1.1}% 13
\BOOKMARK [3][-]{subsubsection.1.1.12}{}{subsection.1.1}% 14
\BOOKMARK [2][-]{subsection.1.2}{Projective Varieties}{section.1}% 15
\BOOKMARK [3][-]{subsubsection.1.2.1}{}{subsection.1.2}% 16
\BOOKMARK [3][-]{subsubsection.1.2.2}{}{subsection.1.2}% 17
\BOOKMARK [3][-]{subsubsection.1.2.3}{}{subsection.1.2}% 18
\BOOKMARK [3][-]{subsubsection.1.2.4}{}{subsection.1.2}% 19
\BOOKMARK [3][-]{subsubsection.1.2.5}{}{subsection.1.2}% 20
\BOOKMARK [3][-]{subsubsection.1.2.6}{}{subsection.1.2}% 21
\BOOKMARK [3][-]{subsubsection.1.2.7}{}{subsection.1.2}% 22
\BOOKMARK [3][-]{subsubsection.1.2.8}{}{subsection.1.2}% 23
\BOOKMARK [3][-]{subsubsection.1.2.9}{}{subsection.1.2}% 24
\BOOKMARK [3][-]{subsubsection.1.2.10}{}{subsection.1.2}% 25
\BOOKMARK [3][-]{subsubsection.1.2.11}{}{subsection.1.2}% 26
\BOOKMARK [3][-]{subsubsection.1.2.12}{}{subsection.1.2}% 27
\BOOKMARK [3][-]{subsubsection.1.2.13}{}{subsection.1.2}% 28
\BOOKMARK [3][-]{subsubsection.1.2.14}{}{subsection.1.2}% 29
\BOOKMARK [3][-]{subsubsection.1.2.15}{}{subsection.1.2}% 30
\BOOKMARK [3][-]{subsubsection.1.2.16}{}{subsection.1.2}% 31
\BOOKMARK [3][-]{subsubsection.1.2.17}{}{subsection.1.2}% 32
